2017-08-24 10:25:49.908  INFO 4812 --- [main] com.momo.test.Console                    : Starting Console v0.0.1-SNAPSHOT on MoMo-PC with PID 4812 (E:\Workspaces\Eclipse\springboot\target\springboot-0.0.1-SNAPSHOT.jar started by MoMo in E:\Workspaces\Eclipse\springboot\src\main\webapp)
2017-08-24 10:25:49.914  INFO 4812 --- [main] com.momo.test.Console                    : No active profile set, falling back to default profiles: default
2017-08-24 10:25:50.034  INFO 4812 --- [main] ConfigServletWebServerApplicationContext : Refreshing org.springframework.boot.web.servlet.context.AnnotationConfigServletWebServerApplicationContext@77f03bb1: startup date [Thu Aug 24 10:25:50 CST 2017]; root of context hierarchy
2017-08-24 10:25:53.190  INFO 4812 --- [main] o.s.b.w.embedded.tomcat.TomcatWebServer  : Tomcat initialized with port(s): 8080 (http)
2017-08-24 10:25:53.213  INFO 4812 --- [main] o.apache.catalina.core.StandardService   : Starting service [Tomcat]
2017-08-24 10:25:53.215  INFO 4812 --- [main] org.apache.catalina.core.StandardEngine  : Starting Servlet Engine: Apache Tomcat/8.5.16
2017-08-24 10:25:53.376  INFO 4812 --- [localhost-startStop-1] o.a.c.c.C.[Tomcat].[localhost].[/]       : Initializing Spring embedded WebApplicationContext
2017-08-24 10:25:53.377  INFO 4812 --- [localhost-startStop-1] o.s.web.context.ContextLoader            : Root WebApplicationContext: initialization completed in 3347 ms
2017-08-24 10:25:53.651  INFO 4812 --- [localhost-startStop-1] o.s.b.w.servlet.ServletRegistrationBean  : Mapping servlet: 'checkImgServlet' to [/code/registerCode]
2017-08-24 10:25:53.654  INFO 4812 --- [localhost-startStop-1] o.s.b.w.servlet.ServletRegistrationBean  : Mapping servlet: 'dispatcherServlet' to [/]
2017-08-24 10:25:53.661  INFO 4812 --- [localhost-startStop-1] o.s.b.w.servlet.FilterRegistrationBean   : Mapping filter: 'characterEncodingFilter' to: [/*]
2017-08-24 10:25:53.662  INFO 4812 --- [localhost-startStop-1] o.s.b.w.servlet.FilterRegistrationBean   : Mapping filter: 'hiddenHttpMethodFilter' to: [/*]
2017-08-24 10:25:53.663  INFO 4812 --- [localhost-startStop-1] o.s.b.w.servlet.FilterRegistrationBean   : Mapping filter: 'httpPutFormContentFilter' to: [/*]
2017-08-24 10:25:53.663  INFO 4812 --- [localhost-startStop-1] o.s.b.w.servlet.FilterRegistrationBean   : Mapping filter: 'requestContextFilter' to: [/*]
2017-08-24 10:25:53.827  WARN 4812 --- [main] com.arjuna.ats.common                    : ARJUNA048002: Could not find configuration file, URL was: null
2017-08-24 10:25:53.909  INFO 4812 --- [main] com.arjuna.ats.jbossatx                  : ARJUNA032010: JBossTS Recovery Service (tag: unknown) - JBoss Inc.
2017-08-24 10:25:54.008  INFO 4812 --- [main] com.arjuna.ats.jbossatx                  : ARJUNA032013: Starting transaction recovery manager
2017-08-24 10:25:54.280  INFO 4812 --- [main] o.s.t.jta.JtaTransactionManager          : Using JTA UserTransaction: Transaction: unknown
2017-08-24 10:25:54.281  INFO 4812 --- [main] o.s.t.jta.JtaTransactionManager          : Using JTA TransactionManager: Transaction: unknown
2017-08-24 10:25:55.260  INFO 4812 --- [main] j.LocalContainerEntityManagerFactoryBean : Building JPA container EntityManagerFactory for persistence unit 'default'
2017-08-24 10:25:57.376  INFO 4812 --- [main] j.LocalContainerEntityManagerFactoryBean : Initialized JPA EntityManagerFactory for persistence unit 'default'
2017-08-24 10:25:58.821  INFO 4812 --- [main] s.w.s.m.m.a.RequestMappingHandlerAdapter : Looking for @ControllerAdvice: org.springframework.boot.web.servlet.context.AnnotationConfigServletWebServerApplicationContext@77f03bb1: startup date [Thu Aug 24 10:25:50 CST 2017]; root of context hierarchy
2017-08-24 10:25:59.006  INFO 4812 --- [main] s.w.s.m.m.a.RequestMappingHandlerMapping : Mapped "{[/test/{name}]}" onto public java.lang.String com.momo.test.controller.TestController.test(java.lang.String)
2017-08-24 10:25:59.014  INFO 4812 --- [main] s.w.s.m.m.a.RequestMappingHandlerMapping : Mapped "{[/user/index]}" onto public java.lang.String com.momo.test.controller.UserController.index()
2017-08-24 10:25:59.015  INFO 4812 --- [main] s.w.s.m.m.a.RequestMappingHandlerMapping : Mapped "{[/user/register]}" onto public void com.momo.test.controller.UserController.register(com.momo.test.pojo.User,javax.servlet.http.HttpServletResponse,javax.servlet.http.HttpSession,java.lang.String)
2017-08-24 10:25:59.016  INFO 4812 --- [main] s.w.s.m.m.a.RequestMappingHandlerMapping : Mapped "{[/user/findUserByUserName/{username}]}" onto public void com.momo.test.controller.UserController.findUserByUserName(java.lang.String,javax.servlet.http.HttpServletResponse)
2017-08-24 10:25:59.017  INFO 4812 --- [main] s.w.s.m.m.a.RequestMappingHandlerMapping : Mapped "{[/user/toLogin || /user/]}" onto public java.lang.String com.momo.test.controller.UserController.toLogin(javax.servlet.http.HttpSession)
2017-08-24 10:25:59.017  INFO 4812 --- [main] s.w.s.m.m.a.RequestMappingHandlerMapping : Mapped "{[/user/login]}" onto public void com.momo.test.controller.UserController.login(com.momo.test.pojo.User,org.springframework.ui.Model,javax.servlet.http.HttpSession,javax.servlet.http.HttpServletResponse)
2017-08-24 10:25:59.018  INFO 4812 --- [main] s.w.s.m.m.a.RequestMappingHandlerMapping : Mapped "{[/user/findAll]}" onto public java.lang.String com.momo.test.controller.UserController.findAll(org.springframework.ui.Model)
2017-08-24 10:25:59.018  INFO 4812 --- [main] s.w.s.m.m.a.RequestMappingHandlerMapping : Mapped "{[/user/toRegister]}" onto public java.lang.String com.momo.test.controller.UserController.toRegister()
2017-08-24 10:25:59.019  INFO 4812 --- [main] s.w.s.m.m.a.RequestMappingHandlerMapping : Mapped "{[/user/checkUsername]}" onto public void com.momo.test.controller.UserController.checkUsername(java.lang.String,javax.servlet.http.HttpServletResponse)
2017-08-24 10:25:59.019  INFO 4812 --- [main] s.w.s.m.m.a.RequestMappingHandlerMapping : Mapped "{[/user/checkValidateCode]}" onto public void com.momo.test.controller.UserController.checkValidateCode(java.lang.String,java.lang.String,javax.servlet.http.HttpSession,javax.servlet.http.HttpServletResponse)
2017-08-24 10:25:59.022  INFO 4812 --- [main] s.w.s.m.m.a.RequestMappingHandlerMapping : Mapped "{[/common/home]}" onto public java.lang.String com.momo.test.controller.CommonController.home()
2017-08-24 10:25:59.022  INFO 4812 --- [main] s.w.s.m.m.a.RequestMappingHandlerMapping : Mapped "{[/common/about]}" onto public java.lang.String com.momo.test.controller.CommonController.about()
2017-08-24 10:25:59.023  INFO 4812 --- [main] s.w.s.m.m.a.RequestMappingHandlerMapping : Mapped "{[/common/blog]}" onto public java.lang.String com.momo.test.controller.CommonController.blog()
2017-08-24 10:25:59.023  INFO 4812 --- [main] s.w.s.m.m.a.RequestMappingHandlerMapping : Mapped "{[/common/portfolio]}" onto public java.lang.String com.momo.test.controller.CommonController.portfolio()
2017-08-24 10:25:59.024  INFO 4812 --- [main] s.w.s.m.m.a.RequestMappingHandlerMapping : Mapped "{[/common/contact]}" onto public java.lang.String com.momo.test.controller.CommonController.contact()
2017-08-24 10:25:59.039  INFO 4812 --- [main] s.w.s.m.m.a.RequestMappingHandlerMapping : Mapped "{[/error]}" onto public org.springframework.http.ResponseEntity<java.util.Map<java.lang.String, java.lang.Object>> org.springframework.boot.autoconfigure.web.servlet.error.BasicErrorController.error(javax.servlet.http.HttpServletRequest)
2017-08-24 10:25:59.041  INFO 4812 --- [main] s.w.s.m.m.a.RequestMappingHandlerMapping : Mapped "{[/error],produces=[text/html]}" onto public org.springframework.web.servlet.ModelAndView org.springframework.boot.autoconfigure.web.servlet.error.BasicErrorController.errorHtml(javax.servlet.http.HttpServletRequest,javax.servlet.http.HttpServletResponse)
2017-08-24 10:25:59.114  INFO 4812 --- [main] o.s.w.s.handler.SimpleUrlHandlerMapping  : Mapped URL path [/webjars/**] onto handler of type [class org.springframework.web.servlet.resource.ResourceHttpRequestHandler]
2017-08-24 10:25:59.115  INFO 4812 --- [main] o.s.w.s.handler.SimpleUrlHandlerMapping  : Mapped URL path [/**] onto handler of type [class org.springframework.web.servlet.resource.ResourceHttpRequestHandler]
2017-08-24 10:25:59.204  INFO 4812 --- [main] o.s.w.s.handler.SimpleUrlHandlerMapping  : Mapped URL path [/**/favicon.ico] onto handler of type [class org.springframework.web.servlet.resource.ResourceHttpRequestHandler]
2017-08-24 10:25:59.272  WARN 4812 --- [main] ion$DefaultTemplateResolverConfiguration : Cannot find template location: /templates/ (please add some templates or check your Thymeleaf configuration)
2017-08-24 10:25:59.291  WARN 4812 --- [main] org.thymeleaf.templatemode.TemplateMode  : [THYMELEAF][main] Template Mode 'HTML5' is deprecated. Using Template Mode 'HTML' instead.
2017-08-24 10:25:59.751  INFO 4812 --- [main] o.s.j.e.a.AnnotationMBeanExporter        : Registering beans for JMX exposure on startup
2017-08-24 10:25:59.812 ERROR 4812 --- [main] o.a.coyote.http11.Http11NioProtocol      : Failed to start end point associated with ProtocolHandler ["http-nio-8080"]

java.net.BindException: Address already in use: bind
	at sun.nio.ch.Net.bind0(Native Method) ~[na:1.8.0_144]
	at sun.nio.ch.Net.bind(Unknown Source) ~[na:1.8.0_144]
	at sun.nio.ch.Net.bind(Unknown Source) ~[na:1.8.0_144]
	at sun.nio.ch.ServerSocketChannelImpl.bind(Unknown Source) ~[na:1.8.0_144]
	at sun.nio.ch.ServerSocketAdaptor.bind(Unknown Source) ~[na:1.8.0_144]
	at org.apache.tomcat.util.net.NioEndpoint.bind(NioEndpoint.java:210) ~[tomcat-embed-core-8.5.16.jar!/:8.5.16]
	at org.apache.tomcat.util.net.AbstractEndpoint.start(AbstractEndpoint.java:990) ~[tomcat-embed-core-8.5.16.jar!/:8.5.16]
	at org.apache.coyote.AbstractProtocol.start(AbstractProtocol.java:635) ~[tomcat-embed-core-8.5.16.jar!/:8.5.16]
	at org.apache.catalina.connector.Connector.startInternal(Connector.java:1022) [tomcat-embed-core-8.5.16.jar!/:8.5.16]
	at org.apache.catalina.util.LifecycleBase.start(LifecycleBase.java:150) [tomcat-embed-core-8.5.16.jar!/:8.5.16]
	at org.apache.catalina.core.StandardService.addConnector(StandardService.java:225) [tomcat-embed-core-8.5.16.jar!/:8.5.16]
	at org.springframework.boot.web.embedded.tomcat.TomcatWebServer.addPreviouslyRemovedConnectors(TomcatWebServer.java:243) [spring-boot-2.0.0.M3.jar!/:2.0.0.M3]
	at org.springframework.boot.web.embedded.tomcat.TomcatWebServer.start(TomcatWebServer.java:186) [spring-boot-2.0.0.M3.jar!/:2.0.0.M3]
	at org.springframework.boot.web.servlet.context.ServletWebServerApplicationContext.startWebServer(ServletWebServerApplicationContext.java:282) [spring-boot-2.0.0.M3.jar!/:2.0.0.M3]
	at org.springframework.boot.web.servlet.context.ServletWebServerApplicationContext.finishRefresh(ServletWebServerApplicationContext.java:144) [spring-boot-2.0.0.M3.jar!/:2.0.0.M3]
	at org.springframework.context.support.AbstractApplicationContext.refresh(AbstractApplicationContext.java:552) [spring-context-5.0.0.RC3.jar!/:5.0.0.RC3]
	at org.springframework.boot.web.servlet.context.ServletWebServerApplicationContext.refresh(ServletWebServerApplicationContext.java:122) [spring-boot-2.0.0.M3.jar!/:2.0.0.M3]
	at org.springframework.boot.SpringApplication.refresh(SpringApplication.java:750) [spring-boot-2.0.0.M3.jar!/:2.0.0.M3]
	at org.springframework.boot.SpringApplication.refreshContext(SpringApplication.java:386) [spring-boot-2.0.0.M3.jar!/:2.0.0.M3]
	at org.springframework.boot.SpringApplication.run(SpringApplication.java:327) [spring-boot-2.0.0.M3.jar!/:2.0.0.M3]
	at org.springframework.boot.SpringApplication.run(SpringApplication.java:1245) [spring-boot-2.0.0.M3.jar!/:2.0.0.M3]
	at org.springframework.boot.SpringApplication.run(SpringApplication.java:1233) [spring-boot-2.0.0.M3.jar!/:2.0.0.M3]
	at com.momo.test.Console.main(Console.java:20) [classes!/:0.0.1-SNAPSHOT]
	at sun.reflect.NativeMethodAccessorImpl.invoke0(Native Method) ~[na:1.8.0_144]
	at sun.reflect.NativeMethodAccessorImpl.invoke(Unknown Source) ~[na:1.8.0_144]
	at sun.reflect.DelegatingMethodAccessorImpl.invoke(Unknown Source) ~[na:1.8.0_144]
	at java.lang.reflect.Method.invoke(Unknown Source) ~[na:1.8.0_144]
	at org.springframework.boot.loader.MainMethodRunner.run(MainMethodRunner.java:48) [springboot-0.0.1-SNAPSHOT.jar:0.0.1-SNAPSHOT]
	at org.springframework.boot.loader.Launcher.launch(Launcher.java:87) [springboot-0.0.1-SNAPSHOT.jar:0.0.1-SNAPSHOT]
	at org.springframework.boot.loader.Launcher.launch(Launcher.java:50) [springboot-0.0.1-SNAPSHOT.jar:0.0.1-SNAPSHOT]
	at org.springframework.boot.loader.JarLauncher.main(JarLauncher.java:51) [springboot-0.0.1-SNAPSHOT.jar:0.0.1-SNAPSHOT]

2017-08-24 10:25:59.815 ERROR 4812 --- [main] o.apache.catalina.core.StandardService   : Failed to start connector [Connector[HTTP/1.1-8080]]

org.apache.catalina.LifecycleException: Failed to start component [Connector[HTTP/1.1-8080]]
	at org.apache.catalina.util.LifecycleBase.start(LifecycleBase.java:167) ~[tomcat-embed-core-8.5.16.jar!/:8.5.16]
	at org.apache.catalina.core.StandardService.addConnector(StandardService.java:225) ~[tomcat-embed-core-8.5.16.jar!/:8.5.16]
	at org.springframework.boot.web.embedded.tomcat.TomcatWebServer.addPreviouslyRemovedConnectors(TomcatWebServer.java:243) [spring-boot-2.0.0.M3.jar!/:2.0.0.M3]
	at org.springframework.boot.web.embedded.tomcat.TomcatWebServer.start(TomcatWebServer.java:186) [spring-boot-2.0.0.M3.jar!/:2.0.0.M3]
	at org.springframework.boot.web.servlet.context.ServletWebServerApplicationContext.startWebServer(ServletWebServerApplicationContext.java:282) [spring-boot-2.0.0.M3.jar!/:2.0.0.M3]
	at org.springframework.boot.web.servlet.context.ServletWebServerApplicationContext.finishRefresh(ServletWebServerApplicationContext.java:144) [spring-boot-2.0.0.M3.jar!/:2.0.0.M3]
	at org.springframework.context.support.AbstractApplicationContext.refresh(AbstractApplicationContext.java:552) [spring-context-5.0.0.RC3.jar!/:5.0.0.RC3]
	at org.springframework.boot.web.servlet.context.ServletWebServerApplicationContext.refresh(ServletWebServerApplicationContext.java:122) [spring-boot-2.0.0.M3.jar!/:2.0.0.M3]
	at org.springframework.boot.SpringApplication.refresh(SpringApplication.java:750) [spring-boot-2.0.0.M3.jar!/:2.0.0.M3]
	at org.springframework.boot.SpringApplication.refreshContext(SpringApplication.java:386) [spring-boot-2.0.0.M3.jar!/:2.0.0.M3]
	at org.springframework.boot.SpringApplication.run(SpringApplication.java:327) [spring-boot-2.0.0.M3.jar!/:2.0.0.M3]
	at org.springframework.boot.SpringApplication.run(SpringApplication.java:1245) [spring-boot-2.0.0.M3.jar!/:2.0.0.M3]
	at org.springframework.boot.SpringApplication.run(SpringApplication.java:1233) [spring-boot-2.0.0.M3.jar!/:2.0.0.M3]
	at com.momo.test.Console.main(Console.java:20) [classes!/:0.0.1-SNAPSHOT]
	at sun.reflect.NativeMethodAccessorImpl.invoke0(Native Method) ~[na:1.8.0_144]
	at sun.reflect.NativeMethodAccessorImpl.invoke(Unknown Source) ~[na:1.8.0_144]
	at sun.reflect.DelegatingMethodAccessorImpl.invoke(Unknown Source) ~[na:1.8.0_144]
	at java.lang.reflect.Method.invoke(Unknown Source) ~[na:1.8.0_144]
	at org.springframework.boot.loader.MainMethodRunner.run(MainMethodRunner.java:48) [springboot-0.0.1-SNAPSHOT.jar:0.0.1-SNAPSHOT]
	at org.springframework.boot.loader.Launcher.launch(Launcher.java:87) [springboot-0.0.1-SNAPSHOT.jar:0.0.1-SNAPSHOT]
	at org.springframework.boot.loader.Launcher.launch(Launcher.java:50) [springboot-0.0.1-SNAPSHOT.jar:0.0.1-SNAPSHOT]
	at org.springframework.boot.loader.JarLauncher.main(JarLauncher.java:51) [springboot-0.0.1-SNAPSHOT.jar:0.0.1-SNAPSHOT]
Caused by: org.apache.catalina.LifecycleException: service.getName(): "Tomcat";  Protocol handler start failed
	at org.apache.catalina.connector.Connector.startInternal(Connector.java:1029) ~[tomcat-embed-core-8.5.16.jar!/:8.5.16]
	at org.apache.catalina.util.LifecycleBase.start(LifecycleBase.java:150) ~[tomcat-embed-core-8.5.16.jar!/:8.5.16]
	... 21 common frames omitted
Caused by: java.net.BindException: Address already in use: bind
	at sun.nio.ch.Net.bind0(Native Method) ~[na:1.8.0_144]
	at sun.nio.ch.Net.bind(Unknown Source) ~[na:1.8.0_144]
	at sun.nio.ch.Net.bind(Unknown Source) ~[na:1.8.0_144]
	at sun.nio.ch.ServerSocketChannelImpl.bind(Unknown Source) ~[na:1.8.0_144]
	at sun.nio.ch.ServerSocketAdaptor.bind(Unknown Source) ~[na:1.8.0_144]
	at org.apache.tomcat.util.net.NioEndpoint.bind(NioEndpoint.java:210) ~[tomcat-embed-core-8.5.16.jar!/:8.5.16]
	at org.apache.tomcat.util.net.AbstractEndpoint.start(AbstractEndpoint.java:990) ~[tomcat-embed-core-8.5.16.jar!/:8.5.16]
	at org.apache.coyote.AbstractProtocol.start(AbstractProtocol.java:635) ~[tomcat-embed-core-8.5.16.jar!/:8.5.16]
	at org.apache.catalina.connector.Connector.startInternal(Connector.java:1022) ~[tomcat-embed-core-8.5.16.jar!/:8.5.16]
	... 22 common frames omitted

2017-08-24 10:25:59.831  INFO 4812 --- [main] o.apache.catalina.core.StandardService   : Stopping service [Tomcat]
2017-08-24 10:25:59.850  INFO 4812 --- [main] utoConfigurationReportLoggingInitializer : 

Error starting ApplicationContext. To display the auto-configuration report re-run your application with 'debug' enabled.
2017-08-24 10:25:59.857 ERROR 4812 --- [main] o.s.b.d.LoggingFailureAnalysisReporter   : 

***************************
APPLICATION FAILED TO START
***************************

Description:

The Tomcat connector configured to listen on port 8080 failed to start. The port may already be in use or the connector may be misconfigured.

Action:

Verify the connector's configuration, identify and stop any process that's listening on port 8080, or configure this application to listen on another port.

2017-08-24 10:25:59.861  INFO 4812 --- [main] ConfigServletWebServerApplicationContext : Closing org.springframework.boot.web.servlet.context.AnnotationConfigServletWebServerApplicationContext@77f03bb1: startup date [Thu Aug 24 10:25:50 CST 2017]; root of context hierarchy
2017-08-24 10:25:59.868  INFO 4812 --- [main] o.s.j.e.a.AnnotationMBeanExporter        : Unregistering JMX-exposed beans on shutdown
2017-08-24 10:25:59.871  INFO 4812 --- [main] j.LocalContainerEntityManagerFactoryBean : Closing JPA EntityManagerFactory for persistence unit 'default'
2017-08-24 10:25:59.872  INFO 4812 --- [main] com.arjuna.ats.jbossatx                  : ARJUNA032014: Stopping transaction recovery manager
